\BOOKMARK [0][-]{chapter.4}{Objetivos del proyecto}{}% 1
\BOOKMARK [1][-]{section.10}{Objetivos T\351cnicos}{chapter.4}% 2
\BOOKMARK [1][-]{section.11}{Objetivos personales}{chapter.4}% 3
\BOOKMARK [0][-]{chapter.12}{Conceptos te\363ricos}{}% 4
\BOOKMARK [1][-]{section.13}{Adquisici\363n de la imagen}{chapter.12}% 5
\BOOKMARK [1][-]{section.15}{Preprocesamiento}{chapter.12}% 6
\BOOKMARK [2][-]{subsection.16}{Binarizaci\363n}{section.15}% 7
\BOOKMARK [2][-]{subsection.17}{Filtros de detecci\363n de bordes}{section.15}% 8
\BOOKMARK [2][-]{subsection.18}{Realzado de la imagen}{section.15}% 9
\BOOKMARK [2][-]{subsection.19}{Saliency}{section.15}% 10
\BOOKMARK [1][-]{section.21}{Descriptores de regiones}{chapter.12}% 11
\BOOKMARK [2][-]{subsection.22}{Descriptores simples}{section.21}% 12
\BOOKMARK [2][-]{subsection.23}{Descriptores de textura}{section.21}% 13
\BOOKMARK [1][-]{section.40}{Segmentaci\363n}{chapter.12}% 14
\BOOKMARK [2][-]{subsection.41}{MidGrey}{section.40}% 15
\BOOKMARK [2][-]{subsection.42}{Mean}{section.40}% 16
\BOOKMARK [1][-]{section.43}{Reconocimiento e interpretaci\363n de im\341genes}{chapter.12}% 17
\BOOKMARK [1][-]{section.44}{Ensayos no destructivos}{chapter.12}% 18
\BOOKMARK [2][-]{subsection.45}{Radiograf\355a}{section.44}% 19
\BOOKMARK [2][-]{subsection.46}{Ventajas del ensayo radiogr\341fico}{section.44}% 20
\BOOKMARK [2][-]{subsection.51}{Limitaciones del ensayo radiogr\341fico}{section.44}% 21
\BOOKMARK [2][-]{subsection.58}{Objetivos del ensayo radiogr\341fico}{section.44}% 22
\BOOKMARK [2][-]{subsection.62}{Principios del ensayo radiogr\341fico}{section.44}% 23
\BOOKMARK [1][-]{section.63}{Fundamentos te\363ricos de la versi\363n inicial}{chapter.12}% 24
\BOOKMARK [2][-]{subsection.64}{Preproceso}{section.63}% 25
\BOOKMARK [2][-]{subsection.66}{Extracci\363n de caracter\355sticas}{section.63}% 26
\BOOKMARK [2][-]{subsection.68}{Determinaci\363n de cu\341ndo una ventana es defectuosa}{section.63}% 27
\BOOKMARK [2][-]{subsection.69}{Detecci\363n de defectos}{section.63}% 28
\BOOKMARK [2][-]{subsection.71}{Multihilo}{section.63}% 29
\BOOKMARK [1][-]{section.72}{Fundamentos te\363ricos de la versi\363n final}{chapter.12}% 30
\BOOKMARK [2][-]{subsection.73}{Primera opci\363n: detecci\363n normal con posterior intersecci\363n con umbrales locales}{section.72}% 31
\BOOKMARK [2][-]{subsection.74}{Segunda opci\363n: p\355xeles blancos en umbrales locales}{section.72}% 32
\BOOKMARK [0][-]{chapter.76}{T\351cnicas y herramientas}{}% 33
\BOOKMARK [1][-]{section.77}{T\351cnicas}{chapter.76}% 34
\BOOKMARK [2][-]{subsection.78}{Metodolog\355a Scrum}{section.77}% 35
\BOOKMARK [2][-]{subsection.81}{Java}{section.77}% 36
\BOOKMARK [2][-]{subsection.82}{UML}{section.77}% 37
\BOOKMARK [2][-]{subsection.83}{Weka}{section.77}% 38
\BOOKMARK [2][-]{subsection.93}{ImageJ}{section.77}% 39
\BOOKMARK [2][-]{subsection.94}{Diagramas de Gantt}{section.77}% 40
\BOOKMARK [1][-]{section.95}{Herramientas}{chapter.76}% 41
\BOOKMARK [2][-]{subsection.96}{Eclipse}{section.95}% 42
\BOOKMARK [2][-]{subsection.97}{JUnit}{section.95}% 43
\BOOKMARK [2][-]{subsection.98}{JDepend}{section.95}% 44
\BOOKMARK [2][-]{subsection.99}{Source Monitor}{section.95}% 45
\BOOKMARK [2][-]{subsection.100}{Astah}{section.95}% 46
\BOOKMARK [2][-]{subsection.101}{GitHub}{section.95}% 47
\BOOKMARK [2][-]{subsection.102}{PivotalTracker}{section.95}% 48
\BOOKMARK [2][-]{subsection.103}{MiKTeX}{section.95}% 49
\BOOKMARK [2][-]{subsection.104}{TeXMaker}{section.95}% 50
\BOOKMARK [2][-]{subsection.105}{WindowBuilder}{section.95}% 51
\BOOKMARK [2][-]{subsection.106}{Auto Local Threshold}{section.95}% 52
\BOOKMARK [2][-]{subsection.107}{Apache Commons IO}{section.95}% 53
\BOOKMARK [0][-]{subsection.107}{Ap\351ndices}{}% 54
